<?xml version="1.0" encoding="UTF-8"?>
<!-- Generated by org.testng.reporters.JUnitXMLReporter -->
<testsuite hostname="Praveen_246" ignored="2" name="Default test(failed)" tests="1" failures="0" timestamp="09 Jul 2021 13:58:12 GMT" time="23.661" errors="0">
  <testcase name="pbanking" time="4.376" classname="july7.Demo1"/>
  <testcase name="cbanking" time="0.0" classname="july7.Demo1">
    <ignored/>
  </testcase> <!-- cbanking -->
  <testcase name="ibanking" time="0.0" classname="july7.Demo1">
    <ignored/>
  </testcase> <!-- ibanking -->
</testsuite> <!-- Default test(failed) -->
