<?xml version="1.0" encoding="UTF-8"?>
<!-- Generated by org.testng.reporters.JUnitXMLReporter -->
<testsuite hostname="Praveen_246" ignored="0" name="Report2" tests="4" failures="0" timestamp="10 Jul 2021 13:21:59 GMT" time="37.945" errors="0">
  <testcase name="branches" time="5.941" classname="july9.UsingDepends"/>
  <testcase name="roles" time="6.178" classname="july9.UsingDepends"/>
  <testcase name="users" time="6.004" classname="july9.UsingDepends"/>
  <testcase name="employee" time="5.743" classname="july9.UsingDepends"/>
</testsuite> <!-- Report2 -->
