<?xml version="1.0" encoding="UTF-8"?>
<!-- Generated by org.testng.reporters.JUnitXMLReporter -->
<testsuite hostname="Praveen_246" ignored="0" name="Report1" tests="5" failures="0" timestamp="10 Jul 2021 13:21:21 GMT" time="68.207" errors="0">
  <testcase name="verifyLogin" time="17.829" classname="july9.MultipleTimes"/>
  <testcase name="verifyLogin" time="13.16" classname="july9.MultipleTimes"/>
  <testcase name="verifyLogin" time="10.935" classname="july9.MultipleTimes"/>
  <testcase name="verifyLogin" time="14.783" classname="july9.MultipleTimes"/>
  <testcase name="verifyLogin" time="11.383" classname="july9.MultipleTimes"/>
</testsuite> <!-- Report1 -->
