<?xml version="1.0" encoding="UTF-8"?>
<!-- Generated by org.testng.reporters.JUnitXMLReporter -->
<testsuite hostname="Praveen_246" ignored="0" name="chrometest" tests="4" failures="0" timestamp="07 Aug 2021 05:01:51 GMT" time="51.515" errors="0">
  <testcase name="VerifyLogin" time="17.093" classname="aug7.Grid"/>
  <testcase name="VerifyLogin" time="6.616" classname="aug7.Grid"/>
  <testcase name="VerifyLogin" time="6.938" classname="aug7.Grid"/>
  <testcase name="VerifyLogin" time="6.276" classname="aug7.Grid"/>
</testsuite> <!-- chrometest -->
