<?xml version="1.0" encoding="UTF-8"?>
<!-- Generated by org.testng.reporters.JUnitXMLReporter -->
<testsuite hostname="Praveen_246" ignored="0" name="firefoxtest" tests="4" failures="0" timestamp="07 Aug 2021 05:02:43 GMT" time="51.652" errors="0">
  <testcase name="VerifyLogin" time="11.083" classname="aug7.Grid"/>
  <testcase name="VerifyLogin" time="5.14" classname="aug7.Grid"/>
  <testcase name="VerifyLogin" time="6.574" classname="aug7.Grid"/>
  <testcase name="VerifyLogin" time="5.9" classname="aug7.Grid"/>
</testsuite> <!-- firefoxtest -->
